  JL, JBLK =             1            1                        1 
  JL, JBLK =             2            1                        1 
  JL, JBLK =             3            1                        1 
  JL, JBLK =             4            1                        1 
  JL, JBLK =             5            1                        1 
  JL, JBLK =             6            1                        1 
  JL, JBLK =             7            1                        1 
  JL, JBLK =             8            1                        1 
  JL, JBLK =             9            1                        1 
  JL, JBLK =            10            1                        1 
  JL, JBLK =            11            1                        1 
  JL, JBLK =            12            1                        1 
  JL, JBLK =            13            1                        1 
  JL, JBLK =            14            1                        1 
  JL, JBLK =            15            1                        1 
  JL, JBLK =            16            1                        1 
  JL, JBLK =            17            1                        1 
  JL, JBLK =            18            1                        1 
  JL, JBLK =            19            1                        1 
  JL, JBLK =            20            1                        1 
  JL, JBLK =            21            1                        1 
  JL, JBLK =            22            1                        1 
  JL, JBLK =            23            1                        1 
  JL, JBLK =            24            1                        1 
  JL, JBLK =            25            1                        1 
  JL, JBLK =            26            1                        1 
  JL, JBLK =            27            1                        1 
  JL, JBLK =            28            1                        1 
  JL, JBLK =            29            1                        1 
  JL, JBLK =            30            1                        1 
  JL, JBLK =            31            1                        1 
  JL, JBLK =            32            1                        1 
                      109
                      109
                      109
                      109
                      109
                      109
                      109
                      109
                      109
                      109
                      109
                      109
                      109
                      109
                      109
                      109
                      109
                      109
                      109
                      109
                      109
                      109
                      109
                      109
                      109
                      109
                      109
                      109
                      109
                      109
                      109
                      109
